# JRE version: OpenJDK Runtime Environment JBR-17.0.9+7-1087.3-nomod (17.0.9+7) (build 17.0.9+7-b1087.3)
# Java VM: OpenJDK 64-Bit Server VM JBR-17.0.9+7-1087.3-nomod (17.0.9+7-b1087.3, mixed mode, tiered, compressed oops, compressed class ptrs, g1 gc, windows-amd64)
GC Precious Log:
 CPUs: 12 total, 12 available
 Memory: 16307M
 Large Page Support: Disabled
 NUMA Support: Disabled
 Compressed Oops: Enabled (Zero based)
 Heap Region Size: 2M
 Heap Min Capacity: 8M
 Heap Initial Capacity: 256M
 Heap Max Capacity: 4078M
 Pre-touch: Disabled
 Parallel Workers: 10
 Concurrent Workers: 3
 Concurrent Refinement Workers: 10
 Periodic GC: Disabled
Heap:
 garbage-first heap   total 149504K, used 70707K [0x0000000701200000, 0x0000000800000000)
  region size 2048K, 32 young (65536K), 1 survivors (2048K)
 Metaspace       used 28885K, committed 29184K, reserved 1114112K
  class space    used 3241K, committed 3392K, reserved 1048576K
GC Heap History (12 events):
Event: 0.480 GC heap before
{Heap before GC invocations=0 (full 0):
 garbage-first heap   total 262144K, used 22528K [0x0000000701200000, 0x0000000800000000)
  region size 2048K, 11 young (22528K), 0 survivors (0K)
 Metaspace       used 14544K, committed 14720K, reserved 1114112K
  class space    used 1504K, committed 1600K, reserved 1048576K
}
Event: 0.483 GC heap after
{Heap after GC invocations=1 (full 0):
 garbage-first heap   total 262144K, used 3938K [0x0000000701200000, 0x0000000800000000)
  region size 2048K, 2 young (4096K), 2 survivors (4096K)
 Metaspace       used 14544K, committed 14720K, reserved 1114112K
  class space    used 1504K, committed 1600K, reserved 1048576K
}
Event: 0.811 GC heap before
{Heap before GC invocations=1 (full 0):
 garbage-first heap   total 262144K, used 36706K [0x0000000701200000, 0x0000000800000000)
  region size 2048K, 18 young (36864K), 2 survivors (4096K)
 Metaspace       used 18958K, committed 19136K, reserved 1114112K
  class space    used 2081K, committed 2176K, reserved 1048576K
}
Event: 0.814 GC heap after
{Heap after GC invocations=2 (full 0):
 garbage-first heap   total 262144K, used 5801K [0x0000000701200000, 0x0000000800000000)
  region size 2048K, 1 young (2048K), 1 survivors (2048K)
 Metaspace       used 18958K, committed 19136K, reserved 1114112K
  class space    used 2081K, committed 2176K, reserved 1048576K
}
Event: 1.002 GC heap before
{Heap before GC invocations=2 (full 0):
 garbage-first heap   total 262144K, used 18089K [0x0000000701200000, 0x0000000800000000)
  region size 2048K, 8 young (16384K), 1 survivors (2048K)
 Metaspace       used 21384K, committed 21504K, reserved 1114112K
  class space    used 2429K, committed 2496K, reserved 1048576K
}
Event: 1.004 GC heap after
{Heap after GC invocations=3 (full 0):
 garbage-first heap   total 262144K, used 6762K [0x0000000701200000, 0x0000000800000000)
  region size 2048K, 2 young (4096K), 2 survivors (4096K)
 Metaspace       used 21384K, committed 21504K, reserved 1114112K
  class space    used 2429K, committed 2496K, reserved 1048576K
}
Event: 1.242 GC heap before
{Heap before GC invocations=4 (full 0):
 garbage-first heap   total 34816K, used 23146K [0x0000000701200000, 0x0000000800000000)
  region size 2048K, 11 young (22528K), 2 survivors (4096K)
 Metaspace       used 24854K, committed 25024K, reserved 1114112K
  class space    used 2793K, committed 2880K, reserved 1048576K
}
Event: 1.245 GC heap after
{Heap after GC invocations=5 (full 0):
 garbage-first heap   total 34816K, used 8688K [0x0000000701200000, 0x0000000800000000)
  region size 2048K, 3 young (6144K), 3 survivors (6144K)
 Metaspace       used 24854K, committed 25024K, reserved 1114112K
  class space    used 2793K, committed 2880K, reserved 1048576K
}
Event: 1.265 GC heap before
{Heap before GC invocations=5 (full 0):
 garbage-first heap   total 34816K, used 8688K [0x0000000701200000, 0x0000000800000000)
  region size 2048K, 4 young (8192K), 3 survivors (6144K)
 Metaspace       used 24929K, committed 25152K, reserved 1114112K
  class space    used 2798K, committed 2880K, reserved 1048576K
}
Event: 1.269 GC heap after
{Heap after GC invocations=6 (full 0):
 garbage-first heap   total 34816K, used 9335K [0x0000000701200000, 0x0000000800000000)
  region size 2048K, 1 young (2048K), 1 survivors (2048K)
 Metaspace       used 24929K, committed 25152K, reserved 1114112K
  class space    used 2798K, committed 2880K, reserved 1048576K
}
Event: 1.382 GC heap before
{Heap before GC invocations=6 (full 0):
 garbage-first heap   total 34816K, used 21623K [0x0000000701200000, 0x0000000800000000)
  region size 2048K, 7 young (14336K), 1 survivors (2048K)
 Metaspace       used 25757K, committed 25984K, reserved 1114112K
  class space    used 2905K, committed 3008K, reserved 1048576K
}
Event: 1.384 GC heap after
{Heap after GC invocations=7 (full 0):
 garbage-first heap   total 149504K, used 9267K [0x0000000701200000, 0x0000000800000000)
  region size 2048K, 1 young (2048K), 1 survivors (2048K)
 Metaspace       used 25757K, committed 25984K, reserved 1114112K
  class space    used 2905K, committed 3008K, reserved 1048576K
}

